[01m[K/home/chen/mav_px4/src/mav_offboard/src/goto_point_test.cpp:[m[K In function â€˜[01m[Kint main(int, char**)[m[Kâ€™:
[01m[K/home/chen/mav_px4/src/mav_offboard/src/goto_point_test.cpp:10:8:[m[K [01;31m[Kerror: [m[Kâ€˜[01m[KsetFcuArm[m[Kâ€™ was not declared in this scope
   10 |     if([01;31m[KsetFcuArm[m[K())
      |        [01;31m[K^~~~~~~~~[m[K
make[2]: *** [CMakeFiles/goto_point_test_node.dir/build.make:63: CMakeFiles/goto_point_test_node.dir/src/goto_point_test.cpp.o] Error 1
make[1]: *** [CMakeFiles/Makefile2:1170: CMakeFiles/goto_point_test_node.dir/all] Error 2
make: *** [Makefile:141: all] Error 2
